<?xml version="1.0" encoding="UTF-8"?>
<!-- Generated by org.testng.reporters.JUnitXMLReporter -->
<testsuite hostname="Ethan" ignored="0" name="Tests on Chrome" tests="5" failures="2" timestamp="09 Apr 2019 00:33:28 GMT" time="12.277" errors="0">
  <testcase name="googleFeelingLuckyButtonTest" time="0.177" classname="Test3.GoogleSearchTest">
    <failure type="java.lang.AssertionError" message="expected [true] but found [false]">
      <![CDATA[java.lang.AssertionError: expected [true] but found [false]
at Test3.GoogleSearchTest.googleFeelingLuckyButtonTest(GoogleSearchTest.java:47)
at java.util.concurrent.FutureTask.run(Unknown Source)
at java.util.concurrent.ThreadPoolExecutor.runWorker(Unknown Source)
at java.util.concurrent.ThreadPoolExecutor$Worker.run(Unknown Source)
at java.lang.Thread.run(Unknown Source)
... Removed 20 stack frames]]>
    </failure>
  </testcase> <!-- googleFeelingLuckyButtonTest -->
  <testcase name="googleSearchBox" time="0.175" classname="Test3.GoogleSearchTest"/>
  <testcase name="googleSearchButtonTest" time="0.124" classname="Test3.GoogleSearchTest">
    <failure type="java.lang.AssertionError" message="expected [true] but found [false]">
      <![CDATA[java.lang.AssertionError: expected [true] but found [false]
at Test3.GoogleSearchTest.googleSearchButtonTest(GoogleSearchTest.java:38)
at java.util.concurrent.FutureTask.run(Unknown Source)
at java.util.concurrent.ThreadPoolExecutor.runWorker(Unknown Source)
at java.util.concurrent.ThreadPoolExecutor$Worker.run(Unknown Source)
at java.lang.Thread.run(Unknown Source)
... Removed 20 stack frames]]>
    </failure>
  </testcase> <!-- googleSearchButtonTest -->
  <testcase name="googleTitleTest" time="0.033" classname="Test3.GoogleSearchTest"/>
  <testcase name="googleUrlTest" time="0.032" classname="Test3.GoogleSearchTest"/>
</testsuite> <!-- Tests on Chrome -->
